2024-05-22 15:01:01,453 - INFO - INFOS - Début du traitement du fichier Excel.
2024-05-22 15:01:01,453 - INFO - INFOS - Début du traitement du fichier Excel.
2024-05-22 15:01:01,454 - INFO - Chargement du fichier de configuration : conf/config.json
2024-05-22 15:01:01,454 - INFO - Chargement du fichier de configuration : conf/config.json
2024-05-22 15:01:01,455 - INFO - Fichier de configuration chargé avec succès.
2024-05-22 15:01:01,455 - INFO - Fichier de configuration chargé avec succès.
2024-05-22 15:01:01,455 - INFO - Vérification du fichier Excel : data/input_file.xlsx
2024-05-22 15:01:01,455 - INFO - Vérification du fichier Excel : data/input_file.xlsx
2024-05-22 15:01:02,401 - INFO - Les premières lignes du DataFrame :
2024-05-22 15:01:02,401 - INFO - Les premières lignes du DataFrame :
2024-05-22 15:01:02,402 - INFO -                  Nom                   Fonction  Plateforme ou pôle        Entreprise  LinkedIn
0  Abdelmajid EL HOU  Data Engineer & Scientist                 NaN  Siderlog Conseil       NaN
2024-05-22 15:01:02,402 - INFO -                  Nom                   Fonction  Plateforme ou pôle        Entreprise  LinkedIn
0  Abdelmajid EL HOU  Data Engineer & Scientist                 NaN  Siderlog Conseil       NaN
2024-05-22 15:01:02,424 - INFO - Toutes les colonnes requises sont présentes dans le fichier Excel.
2024-05-22 15:01:02,424 - INFO - Toutes les colonnes requises sont présentes dans le fichier Excel.
2024-05-22 15:01:02,425 - INFO - Génération des URLs LinkedIn pour le DataFrame.
2024-05-22 15:01:02,425 - INFO - Génération des URLs LinkedIn pour le DataFrame.
2024-05-22 15:01:02,426 - INFO - Recherche de l'URL LinkedIn pour Abdelmajid EL HOU.
2024-05-22 15:01:02,426 - INFO - Recherche de l'URL LinkedIn pour Abdelmajid EL HOU.
2024-05-22 15:01:03,101 - INFO - URLs LinkedIn générées avec succès.
2024-05-22 15:01:03,101 - INFO - URLs LinkedIn générées avec succès.
2024-05-22 15:01:18,111 - INFO -                  Nom                   Fonction  Plateforme ou pôle        Entreprise                           LinkedIn
0  Abdelmajid EL HOU  Data Engineer & Scientist                 NaN  Siderlog Conseil  https://fr.linkedin.com/in/aelhou
2024-05-22 15:01:18,111 - INFO -                  Nom                   Fonction  Plateforme ou pôle        Entreprise                           LinkedIn
0  Abdelmajid EL HOU  Data Engineer & Scientist                 NaN  Siderlog Conseil  https://fr.linkedin.com/in/aelhou
2024-05-22 15:01:18,205 - INFO - INFOS - Les résultats ont été enregistrés dans : res/output_file.xlsx
2024-05-22 15:01:18,205 - INFO - INFOS - Les résultats ont été enregistrés dans : res/output_file.xlsx
2024-05-22 15:01:18,205 - INFO - Temps d'exécution du programme : 0.2792035857836405 minutes.
2024-05-22 15:01:18,205 - INFO - Temps d'exécution du programme : 0.2792035857836405 minutes.
2024-05-22 15:02:39,514 - INFO - INFOS - Début du traitement du fichier Excel.
2024-05-22 15:02:39,514 - INFO - INFOS - Début du traitement du fichier Excel.
2024-05-22 15:02:39,515 - INFO - Chargement du fichier de configuration : conf/config.json
2024-05-22 15:02:39,515 - INFO - Chargement du fichier de configuration : conf/config.json
2024-05-22 15:02:39,516 - INFO - Fichier de configuration chargé avec succès.
2024-05-22 15:02:39,516 - INFO - Fichier de configuration chargé avec succès.
2024-05-22 15:02:39,517 - INFO - Vérification du fichier Excel : data/input_file.xlsx
2024-05-22 15:02:39,517 - INFO - Vérification du fichier Excel : data/input_file.xlsx
2024-05-22 15:02:40,053 - INFO - Les premières lignes du DataFrame :
2024-05-22 15:02:40,053 - INFO - Les premières lignes du DataFrame :
2024-05-22 15:02:40,055 - INFO -                  Nom                   Fonction  Plateforme ou pôle        Entreprise  LinkedIn
0  Abdelmajid EL HOU  Data Engineer & Scientist                 NaN  Siderlog Conseil       NaN
1        NAFA Louisa                        NaN                 NaN               CGI       NaN
2    TIGHILT Mélyssa                        NaN                 NaN               CGI       NaN
2024-05-22 15:02:40,055 - INFO -                  Nom                   Fonction  Plateforme ou pôle        Entreprise  LinkedIn
0  Abdelmajid EL HOU  Data Engineer & Scientist                 NaN  Siderlog Conseil       NaN
1        NAFA Louisa                        NaN                 NaN               CGI       NaN
2    TIGHILT Mélyssa                        NaN                 NaN               CGI       NaN
2024-05-22 15:02:40,074 - INFO - Toutes les colonnes requises sont présentes dans le fichier Excel.
2024-05-22 15:02:40,074 - INFO - Toutes les colonnes requises sont présentes dans le fichier Excel.
2024-05-22 15:02:40,074 - INFO - Génération des URLs LinkedIn pour le DataFrame.
2024-05-22 15:02:40,074 - INFO - Génération des URLs LinkedIn pour le DataFrame.
2024-05-22 15:02:40,075 - INFO - Recherche de l'URL LinkedIn pour Abdelmajid EL HOU.
2024-05-22 15:02:40,075 - INFO - Recherche de l'URL LinkedIn pour Abdelmajid EL HOU.
2024-05-22 15:02:40,641 - INFO - Recherche de l'URL LinkedIn pour NAFA Louisa.
2024-05-22 15:02:40,641 - INFO - Recherche de l'URL LinkedIn pour NAFA Louisa.
2024-05-22 15:02:41,172 - INFO - Recherche de l'URL LinkedIn pour TIGHILT Mélyssa.
2024-05-22 15:02:41,172 - INFO - Recherche de l'URL LinkedIn pour TIGHILT Mélyssa.
2024-05-22 15:02:41,610 - INFO - URLs LinkedIn générées avec succès.
2024-05-22 15:02:41,610 - INFO - URLs LinkedIn générées avec succès.
2024-05-22 15:02:56,624 - INFO -                  Nom                   Fonction  Plateforme ou pôle        Entreprise                                           LinkedIn
0  Abdelmajid EL HOU  Data Engineer & Scientist                 NaN  Siderlog Conseil                  https://fr.linkedin.com/in/aelhou
1        NAFA Louisa                        NaN                 NaN               CGI             https://fr.linkedin.com/in/louisa-nafa
2    TIGHILT Mélyssa                        NaN                 NaN               CGI  https://fr.linkedin.com/in/m%C3%A9lyssa-tighil...
2024-05-22 15:02:56,624 - INFO -                  Nom                   Fonction  Plateforme ou pôle        Entreprise                                           LinkedIn
0  Abdelmajid EL HOU  Data Engineer & Scientist                 NaN  Siderlog Conseil                  https://fr.linkedin.com/in/aelhou
1        NAFA Louisa                        NaN                 NaN               CGI             https://fr.linkedin.com/in/louisa-nafa
2    TIGHILT Mélyssa                        NaN                 NaN               CGI  https://fr.linkedin.com/in/m%C3%A9lyssa-tighil...
2024-05-22 15:02:56,712 - INFO - INFOS - Les résultats ont été enregistrés dans : res/output_file.xlsx
2024-05-22 15:02:56,712 - INFO - INFOS - Les résultats ont été enregistrés dans : res/output_file.xlsx
2024-05-22 15:02:56,713 - INFO - Temps d'exécution du programme : 0.2866548736890157 minutes.
2024-05-22 15:02:56,713 - INFO - Temps d'exécution du programme : 0.2866548736890157 minutes.
